d:\setup_egc\gfx-framework-master\build\gfxframework.dir\debug\object2d.obj
d:\setup_egc\gfx-framework-master\build\gfxframework.dir\debug\lab3.obj
d:\setup_egc\gfx-framework-master\build\gfxframework.dir\debug\lab2.obj
d:\setup_egc\gfx-framework-master\build\gfxframework.dir\debug\lab1.obj
d:\setup_egc\gfx-framework-master\build\gfxframework.dir\debug\world.obj
d:\setup_egc\gfx-framework-master\build\gfxframework.dir\debug\window_object.obj
d:\setup_egc\gfx-framework-master\build\gfxframework.dir\debug\window_callbacks.obj
d:\setup_egc\gfx-framework-master\build\gfxframework.dir\debug\input_controller.obj
d:\setup_egc\gfx-framework-master\build\gfxframework.dir\debug\texture_manager.obj
d:\setup_egc\gfx-framework-master\build\gfxframework.dir\debug\texture2d.obj
d:\setup_egc\gfx-framework-master\build\gfxframework.dir\debug\shader.obj
d:\setup_egc\gfx-framework-master\build\gfxframework.dir\debug\mesh.obj
d:\setup_egc\gfx-framework-master\build\gfxframework.dir\debug\gpu_buffers.obj
d:\setup_egc\gfx-framework-master\build\gfxframework.dir\debug\frame_buffer.obj
d:\setup_egc\gfx-framework-master\build\gfxframework.dir\debug\engine.obj
d:\setup_egc\gfx-framework-master\build\gfxframework.dir\debug\text_renderer.obj
d:\setup_egc\gfx-framework-master\build\gfxframework.dir\debug\simple_scene.obj
d:\setup_egc\gfx-framework-master\build\gfxframework.dir\debug\scene_input.obj
d:\setup_egc\gfx-framework-master\build\gfxframework.dir\debug\camera_input.obj
d:\setup_egc\gfx-framework-master\build\gfxframework.dir\debug\text_utils.obj
d:\setup_egc\gfx-framework-master\build\gfxframework.dir\debug\gl_utils.obj
d:\setup_egc\gfx-framework-master\build\gfxframework.dir\debug\main.obj
d:\setup_egc\gfx-framework-master\build\gfxframework.dir\debug\lab9.obj
d:\setup_egc\gfx-framework-master\build\gfxframework.dir\debug\lab8.obj
d:\setup_egc\gfx-framework-master\build\gfxframework.dir\debug\lab7.obj
d:\setup_egc\gfx-framework-master\build\gfxframework.dir\debug\lab6.obj
d:\setup_egc\gfx-framework-master\build\gfxframework.dir\debug\lab5.obj
d:\setup_egc\gfx-framework-master\build\gfxframework.dir\debug\lab4.obj
d:\setup_egc\gfx-framework-master\build\gfxframework.dir\debug\tema_1_object2d.obj
d:\setup_egc\gfx-framework-master\build\cmakefiles\generate.stamp
d:\setup_egc\gfx-framework-master\build\bin\debug\gfxframework.exe
d:\setup_egc\gfx-framework-master\build\debug\gfxframework.lib
d:\setup_egc\gfx-framework-master\build\debug\gfxframework.exp
d:\setup_egc\gfx-framework-master\build\gfxframework.dir\debug\gfxframework.ilk
d:\setup_egc\gfx-framework-master\build\gfxframework.dir\debug\lab3_vis2d.obj
d:\setup_egc\gfx-framework-master\build\gfxframework.dir\debug\tema1.obj
d:\setup_egc\gfx-framework-master\build\gfxframework.dir\debug\gfxframework.tlog\cl.command.1.tlog
d:\setup_egc\gfx-framework-master\build\gfxframework.dir\debug\gfxframework.tlog\cl.items.tlog
d:\setup_egc\gfx-framework-master\build\gfxframework.dir\debug\gfxframework.tlog\cl.read.1.tlog
d:\setup_egc\gfx-framework-master\build\gfxframework.dir\debug\gfxframework.tlog\cl.write.1.tlog
d:\setup_egc\gfx-framework-master\build\gfxframework.dir\debug\gfxframework.tlog\custombuild.command.1.tlog
d:\setup_egc\gfx-framework-master\build\gfxframework.dir\debug\gfxframework.tlog\custombuild.read.1.tlog
d:\setup_egc\gfx-framework-master\build\gfxframework.dir\debug\gfxframework.tlog\custombuild.write.1.tlog
d:\setup_egc\gfx-framework-master\build\gfxframework.dir\debug\gfxframework.tlog\link.command.1.tlog
d:\setup_egc\gfx-framework-master\build\gfxframework.dir\debug\gfxframework.tlog\link.read.1.tlog
d:\setup_egc\gfx-framework-master\build\gfxframework.dir\debug\gfxframework.tlog\link.secondary.1.tlog
d:\setup_egc\gfx-framework-master\build\gfxframework.dir\debug\gfxframework.tlog\link.write.1.tlog
